<?xml version="1.0" encoding="UTF-8"?>
<!-- Generated by org.testng.reporters.JUnitReportReporter -->
<testsuite hostname="C_Name" failures="0" tests="1" name="com.practices.Sample" time="0.008" errors="0" timestamp="2021-12-03T16:03:41 IST" skipped="0">
  <testcase classname="com.practices.Sample" name="sample" time="0.008"/>
  <system-out/>
</testsuite> <!-- com.practices.Sample -->
